{
  "MiniTest": {
    "coverage": {
      "/Users/fjs6/Desktop/coderetreat/lib/game_of_life.rb": [
        1,
        1,
        null,
        1,
        1,
        null,
        1,
        9,
        null,
        null,
        1,
        23,
        23,
        null,
        null,
        1,
        8,
        null,
        null,
        1,
        1,
        null,
        null,
        1,
        7,
        7,
        7,
        null,
        null,
        1,
        null,
        1,
        15,
        12,
        null,
        null
      ],
      "/Users/fjs6/Desktop/coderetreat/lib/world.rb": [
        1,
        null,
        1,
        1,
        null,
        1,
        24,
        null,
        null,
        1,
        150,
        null,
        null,
        1,
        null,
        1,
        17,
        58,
        17,
        null,
        null,
        1,
        138,
        null,
        null,
        1,
        17,
        null,
        null,
        1,
        1395,
        null,
        null
      ],
      "/Users/fjs6/Desktop/coderetreat/lib/chart.rb": [
        1,
        null,
        1,
        1,
        5,
        5,
        5,
        null,
        5,
        2,
        null,
        3,
        3,
        null,
        null,
        null,
        1,
        3,
        2,
        11,
        10,
        null,
        null,
        1,
        null,
        1,
        5,
        null,
        3,
        3,
        null,
        3,
        16,
        16,
        16,
        16,
        null,
        null,
        3,
        null,
        null
      ],
      "/Users/fjs6/Desktop/coderetreat/lib/location.rb": [
        1,
        1,
        1773,
        null,
        null,
        1,
        null,
        1,
        197,
        null,
        null,
        1,
        1952,
        null,
        null
      ],
      "/Users/fjs6/Desktop/coderetreat/spec/game_of_life_spec.rb": [
        1,
        null,
        1,
        10,
        null,
        1,
        1,
        1,
        null,
        null,
        1,
        1,
        1,
        null,
        null,
        null,
        1,
        1,
        1,
        1,
        1,
        1,
        null,
        null,
        1,
        1,
        1,
        1,
        null,
        null,
        null,
        1,
        1,
        1,
        null,
        1,
        1,
        1,
        null,
        null,
        1,
        1,
        null,
        1,
        1,
        1,
        1,
        1,
        null,
        null,
        1,
        1,
        null,
        1,
        1,
        1,
        null,
        null,
        null,
        1,
        1,
        1,
        null,
        1,
        1,
        1,
        null,
        null,
        null,
        1,
        1,
        1,
        null,
        1,
        null,
        null,
        null
      ],
      "/Users/fjs6/Desktop/coderetreat/spec/location_spec.rb": [
        1,
        null,
        1,
        4,
        null,
        1,
        1,
        1,
        1,
        null,
        null,
        null,
        1,
        2,
        null,
        null,
        1,
        2,
        2,
        null,
        null
      ],
      "/Users/fjs6/Desktop/coderetreat/spec/world_spec.rb": [
        1,
        null,
        1,
        8,
        null,
        1,
        1,
        1,
        null,
        null,
        null,
        1,
        1,
        1,
        1,
        1,
        null,
        null,
        null,
        1,
        1,
        1,
        1,
        1,
        1,
        1,
        1,
        1,
        1,
        1,
        1,
        null,
        null,
        null,
        1,
        1,
        1,
        1,
        null,
        null,
        1,
        1,
        1,
        1,
        null,
        null,
        1,
        1,
        1,
        1,
        1,
        1,
        null,
        null,
        1,
        1,
        1,
        1,
        1,
        1,
        1,
        null,
        null,
        null
      ]
    },
    "timestamp": 1419562498
  },
  "RSpec": {
    "coverage": {
      "/Users/fjs6/Desktop/Desktop/coderetreat/lib/game_of_life.rb": [
        1,
        1,
        null,
        1,
        1,
        null,
        1,
        1,
        null,
        null,
        1,
        0,
        0,
        null,
        null,
        1,
        0,
        null,
        null,
        1,
        0,
        null,
        null,
        1,
        0,
        0,
        0,
        null,
        null,
        1,
        null,
        1,
        0,
        0,
        null,
        null
      ],
      "/Users/fjs6/Desktop/Desktop/coderetreat/lib/world.rb": [
        1,
        null,
        1,
        1,
        null,
        1,
        0,
        null,
        null,
        1,
        0,
        null,
        null,
        1,
        null,
        1,
        0,
        0,
        0,
        null,
        null,
        1,
        0,
        null,
        null,
        1,
        0,
        null,
        null,
        1,
        0,
        null,
        null
      ],
      "/Users/fjs6/Desktop/Desktop/coderetreat/lib/chart.rb": [
        1,
        null,
        1,
        1,
        0,
        0,
        0,
        null,
        0,
        0,
        null,
        0,
        0,
        null,
        null,
        null,
        1,
        0,
        0,
        0,
        0,
        null,
        null,
        1,
        null,
        1,
        0,
        null,
        0,
        0,
        null,
        0,
        0,
        0,
        0,
        0,
        null,
        null,
        0,
        null,
        null
      ],
      "/Users/fjs6/Desktop/Desktop/coderetreat/lib/location.rb": [
        1,
        1,
        0,
        null,
        null,
        1,
        null,
        1,
        0,
        null,
        null,
        1,
        0,
        null,
        null
      ]
    },
    "timestamp": 1422209773
  }
}
